<?xml version="1.0" encoding="UTF-8"?>
<testsuite xmlns:xsi="http://www.w3.org/2001/XMLSchema-instance" xsi:noNamespaceSchemaLocation="https://maven.apache.org/surefire/maven-surefire-plugin/xsd/surefire-test-report.xsd" name="org.json.simple.JSONValueTest" time="0.015" tests="10" errors="0" skipped="0" failures="0">
  <properties>
    <property name="sun.desktop" value="windows"/>
    <property name="awt.toolkit" value="sun.awt.windows.WToolkit"/>
    <property name="file.encoding.pkg" value="sun.io"/>
    <property name="java.specification.version" value="1.8"/>
    <property name="sun.cpu.isalist" value="amd64"/>
    <property name="sun.jnu.encoding" value="Cp1252"/>
    <property name="java.class.path" value="D:\eclipse_projects\json-simple\target\test-classes;D:\eclipse_projects\json-simple\target\classes;C:\Users\Hai\.m2\repository\junit\junit\4.10\junit-4.10.jar;C:\Users\Hai\.m2\repository\org\hamcrest\hamcrest-core\1.1\hamcrest-core-1.1.jar;"/>
    <property name="java.vm.vendor" value="Oracle Corporation"/>
    <property name="sun.arch.data.model" value="64"/>
    <property name="user.variant" value=""/>
    <property name="java.vendor.url" value="http://java.oracle.com/"/>
    <property name="user.timezone" value=""/>
    <property name="java.vm.specification.version" value="1.8"/>
    <property name="os.name" value="Windows 10"/>
    <property name="user.country" value="US"/>
    <property name="sun.java.launcher" value="SUN_STANDARD"/>
    <property name="sun.boot.library.path" value="C:\Program Files\Java\jdk1.8.0_144\jre\bin"/>
    <property name="sun.java.command" value="C:\Users\Hai\AppData\Local\Temp\surefire5871862992744665142\surefirebooter6720057026974191831.jar C:\Users\Hai\AppData\Local\Temp\surefire5871862992744665142 2017-09-24T13-02-54_645-jvmRun1 surefire839242205449502105tmp surefire_0122046325374728525tmp"/>
    <property name="surefire.test.class.path" value="D:\eclipse_projects\json-simple\target\test-classes;D:\eclipse_projects\json-simple\target\classes;C:\Users\Hai\.m2\repository\junit\junit\4.10\junit-4.10.jar;C:\Users\Hai\.m2\repository\org\hamcrest\hamcrest-core\1.1\hamcrest-core-1.1.jar;"/>
    <property name="sun.cpu.endian" value="little"/>
    <property name="user.home" value="C:\Users\Hai"/>
    <property name="user.language" value="en"/>
    <property name="java.specification.vendor" value="Oracle Corporation"/>
    <property name="java.home" value="C:\Program Files\Java\jdk1.8.0_144\jre"/>
    <property name="basedir" value="D:\eclipse_projects\json-simple"/>
    <property name="file.separator" value="\"/>
    <property name="line.separator" value="&#10;"/>
    <property name="java.vm.specification.vendor" value="Oracle Corporation"/>
    <property name="java.specification.name" value="Java Platform API Specification"/>
    <property name="java.awt.graphicsenv" value="sun.awt.Win32GraphicsEnvironment"/>
    <property name="surefire.real.class.path" value="C:\Users\Hai\AppData\Local\Temp\surefire5871862992744665142\surefirebooter6720057026974191831.jar"/>
    <property name="sun.boot.class.path" value="C:\Program Files\Java\jdk1.8.0_144\jre\lib\resources.jar;C:\Program Files\Java\jdk1.8.0_144\jre\lib\rt.jar;C:\Program Files\Java\jdk1.8.0_144\jre\lib\sunrsasign.jar;C:\Program Files\Java\jdk1.8.0_144\jre\lib\jsse.jar;C:\Program Files\Java\jdk1.8.0_144\jre\lib\jce.jar;C:\Program Files\Java\jdk1.8.0_144\jre\lib\charsets.jar;C:\Program Files\Java\jdk1.8.0_144\jre\lib\jfr.jar;C:\Program Files\Java\jdk1.8.0_144\jre\classes"/>
    <property name="user.script" value=""/>
    <property name="sun.management.compiler" value="HotSpot 64-Bit Tiered Compilers"/>
    <property name="java.runtime.version" value="1.8.0_144-b01"/>
    <property name="user.name" value="Hai"/>
    <property name="path.separator" value=";"/>
    <property name="os.version" value="10.0"/>
    <property name="java.endorsed.dirs" value="C:\Program Files\Java\jdk1.8.0_144\jre\lib\endorsed"/>
    <property name="java.runtime.name" value="Java(TM) SE Runtime Environment"/>
    <property name="file.encoding" value="Cp1252"/>
    <property name="java.vm.name" value="Java HotSpot(TM) 64-Bit Server VM"/>
    <property name="localRepository" value="C:\Users\Hai\.m2\repository"/>
    <property name="java.vendor.url.bug" value="http://bugreport.sun.com/bugreport/"/>
    <property name="java.io.tmpdir" value="C:\Users\Hai\AppData\Local\Temp\"/>
    <property name="java.version" value="1.8.0_144"/>
    <property name="user.dir" value="D:\eclipse_projects\json-simple"/>
    <property name="os.arch" value="amd64"/>
    <property name="java.vm.specification.name" value="Java Virtual Machine Specification"/>
    <property name="java.awt.printerjob" value="sun.awt.windows.WPrinterJob"/>
    <property name="sun.os.patch.level" value=""/>
    <property name="java.library.path" value="C:\Program Files\Java\jdk1.8.0_144\jre\bin;C:\WINDOWS\Sun\Java\bin;C:\WINDOWS\system32;C:\WINDOWS;C:\ProgramData\Oracle\Java\javapath;C:\HashiCorp\Vagrant\bin;C:\WINDOWS\system32;C:\WINDOWS;C:\WINDOWS\System32\Wbem;C:\WINDOWS\System32\WindowsPowerShell\v1.0\;C:\Program Files (x86)\AMD\ATI.ACE\Core-Static;C:\Program Files\Microsoft SQL Server\130\Tools\Binn\;C:\ProgramData\ComposerSetup\bin;C:\Users\Hai\AppData\Roaming\Composer\vendor\bin;C:\Python27;C:\Python27\Scripts;C:\Devkit;C:\Ruby23\bin;C:\Program Files\OpenVPN\bin;C:\Program Files\Microsoft SQL Server\Client SDK\ODBC\110\Tools\Binn\;C:\Program Files (x86)\Microsoft SQL Server\120\Tools\Binn\;C:\Program Files\Microsoft SQL Server\120\Tools\Binn\;C:\Program Files\Microsoft SQL Server\120\DTS\Binn\;C:\Program Files (x86)\Microsoft SQL Server\120\Tools\Binn\ManagementStudio\;C:\Program Files (x86)\Microsoft SQL Server\120\DTS\Binn\;C:\Program Files\nodejs\;C:\Program Files\dotnet\;C:\Program Files\Git\cmd;C:\php-7.1.7-src;C:\Emgu\emgucv-windesktop 3.2.0.2682\bin\x64;C:\Program Files\Java\jdk1.8.0_144\bin;C:\Program Files\Java\jre1.8.0_144\bin;C:\Program Files\apache-maven-3.5.0\bin;C:\Users\Hai\AppData\Local\Microsoft\WindowsApps;C:\Program Files (x86)\Microsoft VS Code\bin;C:\Users\Hai\AppData\Roaming\npm;;."/>
    <property name="java.vm.info" value="mixed mode"/>
    <property name="java.vendor" value="Oracle Corporation"/>
    <property name="java.vm.version" value="25.144-b01"/>
    <property name="java.ext.dirs" value="C:\Program Files\Java\jdk1.8.0_144\jre\lib\ext;C:\WINDOWS\Sun\Java\lib\ext"/>
    <property name="sun.io.unicode.encoding" value="UnicodeLittle"/>
    <property name="java.class.version" value="52.0"/>
  </properties>
  <testcase name="testCharArrayToString" classname="org.json.simple.JSONValueTest" time="0"/>
  <testcase name="testDoubleArrayToString" classname="org.json.simple.JSONValueTest" time="0"/>
  <testcase name="testByteArrayToString" classname="org.json.simple.JSONValueTest" time="0"/>
  <testcase name="testObjectArrayToString" classname="org.json.simple.JSONValueTest" time="0"/>
  <testcase name="testShortArrayToString" classname="org.json.simple.JSONValueTest" time="0"/>
  <testcase name="testIntArrayToString" classname="org.json.simple.JSONValueTest" time="0"/>
  <testcase name="testFloatArrayToString" classname="org.json.simple.JSONValueTest" time="0"/>
  <testcase name="testBooleanArrayToString" classname="org.json.simple.JSONValueTest" time="0"/>
  <testcase name="testLongArrayToString" classname="org.json.simple.JSONValueTest" time="0"/>
  <testcase name="testArraysOfArrays" classname="org.json.simple.JSONValueTest" time="0"/>
</testsuite>